<?xml version="1.0" encoding="UTF-8"?>
<testsuite xmlns:xsi="http://www.w3.org/2001/XMLSchema-instance" xsi:noNamespaceSchemaLocation="https://maven.apache.org/surefire/maven-surefire-plugin/xsd/surefire-test-report-3.0.xsd" version="3.0" name="ar.edu.unahur.obj2.FIltroTest" time="0.571" tests="1" errors="0" skipped="0" failures="0">
  <properties>
[...]
</properties>
  <testcase name="prueba" classname="ar.edu.unahur.obj2.FIltroTest" time="0.541">
    <system-out><![CDATA[Primer Filtro
Pais [nombre=Australia, capital=Canberra, region=Oceania, subRegion=Australia and New Zealand, poblacion=25687041, idiomas=[English], esIsla()=true]
Pais [nombre=Brazil, capital=Brasília, region=Americas, subRegion=South America, poblacion=212559409, idiomas=[Portuguese], esIsla()=false]
Pais [nombre=China, capital=Beijing, region=Asia, subRegion=Eastern Asia, poblacion=1402112000, idiomas=[Chinese], esIsla()=false]
Pais [nombre=India, capital=New Delhi, region=Asia, subRegion=Southern Asia, poblacion=1380004385, idiomas=[Hindi, English], esIsla()=false]
Pais [nombre=Japan, capital=Tokyo, region=Asia, subRegion=Eastern Asia, poblacion=125836021, idiomas=[Japanese], esIsla()=true]
Pais [nombre=Madagascar, capital=Antananarivo, region=Africa, subRegion=Eastern Africa, poblacion=27691019, idiomas=[French, Malagasy], esIsla()=true]
Pais [nombre=Mexico, capital=Mexico City, region=Americas, subRegion=North America, poblacion=128932753, idiomas=[Spanish], esIsla()=false]
Pais [nombre=Philippines, capital=Manila, region=Asia, subRegion=South-Eastern Asia, poblacion=109581085, idiomas=[English], esIsla()=true]
Pais [nombre=Taiwan, capital=Taipei, region=Asia, subRegion=Eastern Asia, poblacion=23503349, idiomas=[Chinese], esIsla()=true]
Pais [nombre=United States of America, capital=Washington, D.C., region=Americas, subRegion=Northern America, poblacion=329484123, idiomas=[English], esIsla()=false]
Segundo Filtro
Pais [nombre=Japan, capital=Tokyo, region=Asia, subRegion=Eastern Asia, poblacion=125836021, idiomas=[Japanese], esIsla()=true]
Pais [nombre=Philippines, capital=Manila, region=Asia, subRegion=South-Eastern Asia, poblacion=109581085, idiomas=[English], esIsla()=true]
]]></system-out>
  </testcase>
</testsuite>